<?xml version="1.0" encoding="UTF-8"?>
<!-- Generated by org.testng.reporters.JUnitReportReporter -->
<testsuite skipped="0" hostname="INDSBLR8SGSJC2" name="RestAPITest.AssurityTestAPI" tests="3" failures="0" timestamp="23 Feb 2020 13:51:14 GMT" time="1.329" errors="0">
  <testcase name="acceptanceCriteria1" time="1.005" classname="RestAPITest.AssurityTestAPI"/>
  <testcase name="acceptanceCriteria2" time="0.039" classname="RestAPITest.AssurityTestAPI"/>
  <testcase name="acceptanceCriteria3" time="0.285" classname="RestAPITest.AssurityTestAPI"/>
</testsuite> <!-- RestAPITest.AssurityTestAPI -->
